Compilación iniciada a las 16/10/2013 10:22:54.
Proyecto "E:\MGEP\Programazioaren oinarriak\src\tema1\bikoiti_ala_bakoiti\bikoiti_ala_bakoiti.vcxproj" en el nodo 2 (build destinos).
InitializeBuildStatus:
  Aplicando tarea Touch a "Debug\bikoiti_ala_bakoiti.unsuccessfulbuild".
ClCompile:
  C:\Program Files\Microsoft Visual Studio 10.0\VC\bin\CL.exe /c /ZI /nologo /W3 /WX- /Od /Oy- /D WIN32 /D _DEBUG /D _CONSOLE /D _UNICODE /D UNICODE /Gm /EHsc /RTC1 /MDd /GS /fp:precise /Zc:wchar_t /Zc:forScope /Fo"Debug\\" /Fd"Debug\vc100.pdb" /Gd /TC /analyze- /errorReport:prompt bikoiti_ala_bakoiti.c
  bikoiti_ala_bakoiti.c
e:\mgep\programazioaren oinarriak\src\tema1\bikoiti_ala_bakoiti\bikoiti_ala_bakoiti.c(10): warning C4996: 'scanf': This function or variable may be unsafe. Consider using scanf_s instead. To disable deprecation, use _CRT_SECURE_NO_WARNINGS. See online help for details.
          c:\program files\microsoft visual studio 10.0\vc\include\stdio.h(304) : vea la declaración de 'scanf'
ManifestResourceCompile:
  C:\Program Files\Microsoft SDKs\Windows\v7.0A\bin\rc.exe /nologo /fo"Debug\bikoiti_ala_bakoiti.exe.embed.manifest.res" Debug\bikoiti_ala_bakoiti_manifest.rc 
Link:
  C:\Program Files\Microsoft Visual Studio 10.0\VC\bin\link.exe /ERRORREPORT:PROMPT /OUT:"E:\MGEP\Programazioaren oinarriak\src\tema1\Debug\bikoiti_ala_bakoiti.exe" /INCREMENTAL /NOLOGO kernel32.lib user32.lib gdi32.lib winspool.lib comdlg32.lib advapi32.lib shell32.lib ole32.lib oleaut32.lib uuid.lib odbc32.lib odbccp32.lib /MANIFEST /ManifestFile:"Debug\bikoiti_ala_bakoiti.exe.intermediate.manifest" /MANIFESTUAC:"level='asInvoker' uiAccess='false'" /DEBUG /PDB:"E:\MGEP\Programazioaren oinarriak\src\tema1\Debug\bikoiti_ala_bakoiti.pdb" /SUBSYSTEM:CONSOLE /TLBID:1 /DYNAMICBASE /NXCOMPAT /IMPLIB:"E:\MGEP\Programazioaren oinarriak\src\tema1\Debug\bikoiti_ala_bakoiti.lib" /MACHINE:X86 Debug\bikoiti_ala_bakoiti.exe.embed.manifest.res
  Debug\bikoiti_ala_bakoiti.obj
Manifest:
  C:\Program Files\Microsoft SDKs\Windows\v7.0A\bin\mt.exe /nologo /verbose /out:"Debug\bikoiti_ala_bakoiti.exe.embed.manifest" /manifest Debug\bikoiti_ala_bakoiti.exe.intermediate.manifest
  C:\Program Files\Microsoft SDKs\Windows\v7.0A\bin\rc.exe /nologo /fo"Debug\bikoiti_ala_bakoiti.exe.embed.manifest.res" Debug\bikoiti_ala_bakoiti_manifest.rc 
LinkEmbedManifest:
  C:\Program Files\Microsoft Visual Studio 10.0\VC\bin\link.exe /ERRORREPORT:PROMPT /OUT:"E:\MGEP\Programazioaren oinarriak\src\tema1\Debug\bikoiti_ala_bakoiti.exe" /INCREMENTAL /NOLOGO kernel32.lib user32.lib gdi32.lib winspool.lib comdlg32.lib advapi32.lib shell32.lib ole32.lib oleaut32.lib uuid.lib odbc32.lib odbccp32.lib /MANIFEST /ManifestFile:"Debug\bikoiti_ala_bakoiti.exe.intermediate.manifest" /MANIFESTUAC:"level='asInvoker' uiAccess='false'" /DEBUG /PDB:"E:\MGEP\Programazioaren oinarriak\src\tema1\Debug\bikoiti_ala_bakoiti.pdb" /SUBSYSTEM:CONSOLE /TLBID:1 /DYNAMICBASE /NXCOMPAT /IMPLIB:"E:\MGEP\Programazioaren oinarriak\src\tema1\Debug\bikoiti_ala_bakoiti.lib" /MACHINE:X86 Debug\bikoiti_ala_bakoiti.exe.embed.manifest.res
  Debug\bikoiti_ala_bakoiti.obj
  bikoiti_ala_bakoiti.vcxproj -> E:\MGEP\Programazioaren oinarriak\src\tema1\Debug\bikoiti_ala_bakoiti.exe
FinalizeBuildStatus:
  Se eliminará el archivo "Debug\bikoiti_ala_bakoiti.unsuccessfulbuild".
  Aplicando tarea Touch a "Debug\bikoiti_ala_bakoiti.lastbuildstate".
Compilación del proyecto terminada "E:\MGEP\Programazioaren oinarriak\src\tema1\bikoiti_ala_bakoiti\bikoiti_ala_bakoiti.vcxproj" (build destinos).

Compilación correcta.

Tiempo transcurrido 00:00:26.37
