Compilación iniciada a las 16/10/2013 10:05:15.
Proyecto "E:\MGEP\Programazioaren oinarriak\src\tema1\ur_kontsumoa\ur_kontsumoa.vcxproj" en el nodo 2 (build destinos).
InitializeBuildStatus:
  Se creará "Debug\ur_kontsumoa.unsuccessfulbuild" porque se especificó "AlwaysCreate".
ClCompile:
  C:\Program Files\Microsoft Visual Studio 10.0\VC\bin\CL.exe /c /ZI /nologo /W3 /WX- /Od /Oy- /D WIN32 /D _DEBUG /D _CONSOLE /D _UNICODE /D UNICODE /Gm /EHsc /RTC1 /MDd /GS /fp:precise /Zc:wchar_t /Zc:forScope /Fo"Debug\\" /Fd"Debug\vc100.pdb" /Gd /TC /analyze- /errorReport:prompt ur_kontsumoa.c
  ur_kontsumoa.c
e:\mgep\programazioaren oinarriak\src\tema1\ur_kontsumoa\ur_kontsumoa.c(11): warning C4996: 'scanf': This function or variable may be unsafe. Consider using scanf_s instead. To disable deprecation, use _CRT_SECURE_NO_WARNINGS. See online help for details.
          c:\program files\microsoft visual studio 10.0\vc\include\stdio.h(304) : vea la declaración de 'scanf'
e:\mgep\programazioaren oinarriak\src\tema1\ur_kontsumoa\ur_kontsumoa.c(16): warning C4244: '=' : conversión de 'double' a 'int'; posible pérdida de datos
e:\mgep\programazioaren oinarriak\src\tema1\ur_kontsumoa\ur_kontsumoa.c(18): warning C4244: '=' : conversión de 'double' a 'int'; posible pérdida de datos
ManifestResourceCompile:
  Todas las salidas están actualizadas.
Link:
  C:\Program Files\Microsoft Visual Studio 10.0\VC\bin\link.exe /ERRORREPORT:PROMPT /OUT:"E:\MGEP\Programazioaren oinarriak\src\tema1\Debug\ur_kontsumoa.exe" /INCREMENTAL /NOLOGO kernel32.lib user32.lib gdi32.lib winspool.lib comdlg32.lib advapi32.lib shell32.lib ole32.lib oleaut32.lib uuid.lib odbc32.lib odbccp32.lib /MANIFEST /ManifestFile:"Debug\ur_kontsumoa.exe.intermediate.manifest" /MANIFESTUAC:"level='asInvoker' uiAccess='false'" /DEBUG /PDB:"E:\MGEP\Programazioaren oinarriak\src\tema1\Debug\ur_kontsumoa.pdb" /SUBSYSTEM:CONSOLE /TLBID:1 /DYNAMICBASE /NXCOMPAT /IMPLIB:"E:\MGEP\Programazioaren oinarriak\src\tema1\Debug\ur_kontsumoa.lib" /MACHINE:X86 Debug\ur_kontsumoa.exe.embed.manifest.res
  Debug\ur_kontsumoa.obj
Manifest:
  C:\Program Files\Microsoft SDKs\Windows\v7.0A\bin\mt.exe /nologo /verbose /out:"Debug\ur_kontsumoa.exe.embed.manifest" /manifest Debug\ur_kontsumoa.exe.intermediate.manifest
  Todas las salidas están actualizadas.
LinkEmbedManifest:
  Todas las salidas están actualizadas.
  ur_kontsumoa.vcxproj -> E:\MGEP\Programazioaren oinarriak\src\tema1\Debug\ur_kontsumoa.exe
FinalizeBuildStatus:
  Se eliminará el archivo "Debug\ur_kontsumoa.unsuccessfulbuild".
  Aplicando tarea Touch a "Debug\ur_kontsumoa.lastbuildstate".
Compilación del proyecto terminada "E:\MGEP\Programazioaren oinarriak\src\tema1\ur_kontsumoa\ur_kontsumoa.vcxproj" (build destinos).

Compilación correcta.

Tiempo transcurrido 00:00:25.55
