Compilación iniciada a las 16/11/2013 18:05:31.
     1>Proyecto "C:\Users\Aitor\Desktop\MGEP\1. Seihilekoa\Programazioa\C\src\tema2\db_altueren_programa_arrayekin\db_altueren_programa_arrayekin.vcxproj" en el nodo 4 (Build destinos).
     1>ClCompile:
         C:\Program Files (x86)\Microsoft Visual Studio 12.0\VC\bin\CL.exe /c /ZI /nologo /W3 /WX- /Od /Oy- /D WIN32 /D _DEBUG /D _CONSOLE /D _LIB /D _UNICODE /D UNICODE /Gm /EHsc /RTC1 /MDd /GS /fp:precise /Zc:wchar_t /Zc:forScope /Fo"Debug\\" /Fd"Debug\vc120.pdb" /Gd /TC /analyze- /errorReport:prompt db_altueren_programa_arrayekin.c
         db_altueren_programa_arrayekin.c
     1>c:\users\aitor\desktop\mgep\1. seihilekoa\programazioa\c\src\tema2\db_altueren_programa_arrayekin\db_altueren_programa_arrayekin.c(20): warning C4020: 'altuerak_irakurri' : hay demasiados parámetros reales
     1>c:\users\aitor\desktop\mgep\1. seihilekoa\programazioa\c\src\tema2\db_altueren_programa_arrayekin\db_altueren_programa_arrayekin.c(21): warning C4244: '=' : conversión de 'int' a 'float'; posible pérdida de datos
     1>c:\users\aitor\desktop\mgep\1. seihilekoa\programazioa\c\src\tema2\db_altueren_programa_arrayekin\db_altueren_programa_arrayekin.c(28): warning C4996: 'scanf': This function or variable may be unsafe. Consider using scanf_s instead. To disable deprecation, use _CRT_SECURE_NO_WARNINGS. See online help for details.
                 c:\program files (x86)\microsoft visual studio 12.0\vc\include\stdio.h(283) : vea la declaración de 'scanf'
     1>c:\users\aitor\desktop\mgep\1. seihilekoa\programazioa\c\src\tema2\db_altueren_programa_arrayekin\db_altueren_programa_arrayekin.c(47): warning C4996: 'scanf': This function or variable may be unsafe. Consider using scanf_s instead. To disable deprecation, use _CRT_SECURE_NO_WARNINGS. See online help for details.
                 c:\program files (x86)\microsoft visual studio 12.0\vc\include\stdio.h(283) : vea la declaración de 'scanf'
     1>c:\users\aitor\desktop\mgep\1. seihilekoa\programazioa\c\src\tema2\db_altueren_programa_arrayekin\db_altueren_programa_arrayekin.c(72): warning C4244: 'return' : conversión de 'float' a 'int'; posible pérdida de datos
     1>c:\users\aitor\desktop\mgep\1. seihilekoa\programazioa\c\src\tema2\db_altueren_programa_arrayekin\db_altueren_programa_arrayekin.c(91): warning C4098: 'handiena' : función 'void' que devuelve un valor
     1>c:\users\aitor\desktop\mgep\1. seihilekoa\programazioa\c\src\tema2\db_altueren_programa_arrayekin\db_altueren_programa_arrayekin.c(111): warning C4098: 'txikiena' : función 'void' que devuelve un valor
     1>c:\users\aitor\desktop\mgep\1. seihilekoa\programazioa\c\src\tema2\db_altueren_programa_arrayekin\db_altueren_programa_arrayekin.c(133): warning C4098: 'mediarekikoposizioa' : función 'void' que devuelve un valor
     1>c:\users\aitor\desktop\mgep\1. seihilekoa\programazioa\c\src\tema2\db_altueren_programa_arrayekin\db_altueren_programa_arrayekin.c(147): warning C4098: 'altuerak_zerora' : función 'void' que devuelve un valor
     1>c:\users\aitor\desktop\mgep\1. seihilekoa\programazioa\c\src\tema2\db_altueren_programa_arrayekin\db_altueren_programa_arrayekin.c(161): warning C4098: 'altuerakerakutzi' : función 'void' que devuelve un valor
       Link:
         C:\Program Files (x86)\Microsoft Visual Studio 12.0\VC\bin\link.exe /ERRORREPORT:PROMPT /OUT:"C:\Users\Aitor\Desktop\MGEP\1. Seihilekoa\Programazioa\C\src\tema3\Debug\db_altueren_programa_arrayekin.exe" /INCREMENTAL /NOLOGO kernel32.lib user32.lib gdi32.lib winspool.lib comdlg32.lib advapi32.lib shell32.lib ole32.lib oleaut32.lib uuid.lib odbc32.lib odbccp32.lib /MANIFEST /MANIFESTUAC:"level='asInvoker' uiAccess='false'" /manifest:embed /DEBUG /PDB:"C:\Users\Aitor\Desktop\MGEP\1. Seihilekoa\Programazioa\C\src\tema3\Debug\db_altueren_programa_arrayekin.pdb" /SUBSYSTEM:CONSOLE /TLBID:1 /DYNAMICBASE /NXCOMPAT /IMPLIB:"C:\Users\Aitor\Desktop\MGEP\1. Seihilekoa\Programazioa\C\src\tema3\Debug\db_altueren_programa_arrayekin.lib" /MACHINE:X86 Debug\db_altueren_programa_arrayekin.obj
         db_altueren_programa_arrayekin.vcxproj -> C:\Users\Aitor\Desktop\MGEP\1. Seihilekoa\Programazioa\C\src\tema3\Debug\db_altueren_programa_arrayekin.exe
     1>Compilación del proyecto terminada "C:\Users\Aitor\Desktop\MGEP\1. Seihilekoa\Programazioa\C\src\tema2\db_altueren_programa_arrayekin\db_altueren_programa_arrayekin.vcxproj" (Build destinos).

Compilación correcta.

Tiempo transcurrido 00:00:02.54
