Compilación iniciada a las 03/11/2013 17:54:52.
     1>Proyecto "C:\Users\Aitor\Desktop\MGEP\1. Seihilekoa\Programazioa\C\src\tema2\aj_menuko_funtzioak_void\aj_menuko_funtzioak_void.vcxproj" en el nodo 2 (Build destinos).
     1>ClCompile:
         C:\Program Files (x86)\Microsoft Visual Studio 12.0\VC\bin\CL.exe /c /ZI /nologo /W3 /WX- /Od /Oy- /D WIN32 /D _DEBUG /D _CONSOLE /D _LIB /D _UNICODE /D UNICODE /Gm /EHsc /RTC1 /MDd /GS /fp:precise /Zc:wchar_t /Zc:forScope /Fo"Debug\\" /Fd"Debug\vc120.pdb" /Gd /TC /analyze- /errorReport:prompt aj_menuko_funtzioak_void.c
         aj_menuko_funtzioak_void.c
     1>c:\users\aitor\desktop\mgep\1. seihilekoa\programazioa\c\src\tema2\aj_menuko_funtzioak_void\aj_menuko_funtzioak_void.c(48): warning C4996: 'scanf': This function or variable may be unsafe. Consider using scanf_s instead. To disable deprecation, use _CRT_SECURE_NO_WARNINGS. See online help for details.
                 c:\program files (x86)\microsoft visual studio 12.0\vc\include\stdio.h(283) : vea la declaración de 'scanf'
     1>c:\users\aitor\desktop\mgep\1. seihilekoa\programazioa\c\src\tema2\aj_menuko_funtzioak_void\aj_menuko_funtzioak_void.c(92): warning C4996: 'scanf': This function or variable may be unsafe. Consider using scanf_s instead. To disable deprecation, use _CRT_SECURE_NO_WARNINGS. See online help for details.
                 c:\program files (x86)\microsoft visual studio 12.0\vc\include\stdio.h(283) : vea la declaración de 'scanf'
     1>c:\users\aitor\desktop\mgep\1. seihilekoa\programazioa\c\src\tema2\aj_menuko_funtzioak_void\aj_menuko_funtzioak_void.c(107): warning C4996: 'scanf': This function or variable may be unsafe. Consider using scanf_s instead. To disable deprecation, use _CRT_SECURE_NO_WARNINGS. See online help for details.
                 c:\program files (x86)\microsoft visual studio 12.0\vc\include\stdio.h(283) : vea la declaración de 'scanf'
     1>c:\users\aitor\desktop\mgep\1. seihilekoa\programazioa\c\src\tema2\aj_menuko_funtzioak_void\aj_menuko_funtzioak_void.c(124): warning C4996: 'scanf': This function or variable may be unsafe. Consider using scanf_s instead. To disable deprecation, use _CRT_SECURE_NO_WARNINGS. See online help for details.
                 c:\program files (x86)\microsoft visual studio 12.0\vc\include\stdio.h(283) : vea la declaración de 'scanf'
     1>c:\users\aitor\desktop\mgep\1. seihilekoa\programazioa\c\src\tema2\aj_menuko_funtzioak_void\aj_menuko_funtzioak_void.c(154): warning C4996: 'scanf': This function or variable may be unsafe. Consider using scanf_s instead. To disable deprecation, use _CRT_SECURE_NO_WARNINGS. See online help for details.
                 c:\program files (x86)\microsoft visual studio 12.0\vc\include\stdio.h(283) : vea la declaración de 'scanf'
     1>c:\users\aitor\desktop\mgep\1. seihilekoa\programazioa\c\src\tema2\aj_menuko_funtzioak_void\aj_menuko_funtzioak_void.c(176): warning C4996: 'scanf': This function or variable may be unsafe. Consider using scanf_s instead. To disable deprecation, use _CRT_SECURE_NO_WARNINGS. See online help for details.
                 c:\program files (x86)\microsoft visual studio 12.0\vc\include\stdio.h(283) : vea la declaración de 'scanf'
     1>c:\users\aitor\desktop\mgep\1. seihilekoa\programazioa\c\src\tema2\aj_menuko_funtzioak_void\aj_menuko_funtzioak_void.c(190): warning C4996: 'scanf': This function or variable may be unsafe. Consider using scanf_s instead. To disable deprecation, use _CRT_SECURE_NO_WARNINGS. See online help for details.
                 c:\program files (x86)\microsoft visual studio 12.0\vc\include\stdio.h(283) : vea la declaración de 'scanf'
     1>c:\users\aitor\desktop\mgep\1. seihilekoa\programazioa\c\src\tema2\aj_menuko_funtzioak_void\aj_menuko_funtzioak_void.c(192): warning C4996: 'scanf': This function or variable may be unsafe. Consider using scanf_s instead. To disable deprecation, use _CRT_SECURE_NO_WARNINGS. See online help for details.
                 c:\program files (x86)\microsoft visual studio 12.0\vc\include\stdio.h(283) : vea la declaración de 'scanf'
     1>c:\users\aitor\desktop\mgep\1. seihilekoa\programazioa\c\src\tema2\aj_menuko_funtzioak_void\aj_menuko_funtzioak_void.c(194): warning C4996: 'scanf': This function or variable may be unsafe. Consider using scanf_s instead. To disable deprecation, use _CRT_SECURE_NO_WARNINGS. See online help for details.
                 c:\program files (x86)\microsoft visual studio 12.0\vc\include\stdio.h(283) : vea la declaración de 'scanf'
     1>c:\users\aitor\desktop\mgep\1. seihilekoa\programazioa\c\src\tema2\aj_menuko_funtzioak_void\aj_menuko_funtzioak_void.c(206): warning C4244: '=' : conversión de 'double' a 'float'; posible pérdida de datos
     1>c:\users\aitor\desktop\mgep\1. seihilekoa\programazioa\c\src\tema2\aj_menuko_funtzioak_void\aj_menuko_funtzioak_void.c(146): warning C4715: 'hirugarrenaukera' : no todas las rutas de acceso de control devuelven un valor
       Link:
         C:\Program Files (x86)\Microsoft Visual Studio 12.0\VC\bin\link.exe /ERRORREPORT:PROMPT /OUT:"C:\Users\Aitor\Desktop\MGEP\1. Seihilekoa\Programazioa\C\src\tema2\Debug\aj_menuko_funtzioak_void.exe" /INCREMENTAL /NOLOGO kernel32.lib user32.lib gdi32.lib winspool.lib comdlg32.lib advapi32.lib shell32.lib ole32.lib oleaut32.lib uuid.lib odbc32.lib odbccp32.lib /MANIFEST /MANIFESTUAC:"level='asInvoker' uiAccess='false'" /manifest:embed /DEBUG /PDB:"C:\Users\Aitor\Desktop\MGEP\1. Seihilekoa\Programazioa\C\src\tema2\Debug\aj_menuko_funtzioak_void.pdb" /SUBSYSTEM:CONSOLE /TLBID:1 /DYNAMICBASE /NXCOMPAT /IMPLIB:"C:\Users\Aitor\Desktop\MGEP\1. Seihilekoa\Programazioa\C\src\tema2\Debug\aj_menuko_funtzioak_void.lib" /MACHINE:X86 Debug\aj_menuko_funtzioak_void.obj
         aj_menuko_funtzioak_void.vcxproj -> C:\Users\Aitor\Desktop\MGEP\1. Seihilekoa\Programazioa\C\src\tema2\Debug\aj_menuko_funtzioak_void.exe
     1>Compilación del proyecto terminada "C:\Users\Aitor\Desktop\MGEP\1. Seihilekoa\Programazioa\C\src\tema2\aj_menuko_funtzioak_void\aj_menuko_funtzioak_void.vcxproj" (Build destinos).

Compilación correcta.

Tiempo transcurrido 00:00:01.93
