Compilación iniciada a las 16/10/2013 11:46:34.
Proyecto "E:\MGEP\Programazioaren oinarriak\src\tema1\bakoitiak_bikoitiak_ehunerarte\bakoitiak_bikoitiak_ehunerarte.vcxproj" en el nodo 2 (build destinos).
InitializeBuildStatus:
  Se creará "Debug\bakoitiak_bikoitiak_ehunerarte.unsuccessfulbuild" porque se especificó "AlwaysCreate".
ClCompile:
  C:\Program Files\Microsoft Visual Studio 10.0\VC\bin\CL.exe /c /ZI /nologo /W3 /WX- /Od /Oy- /D WIN32 /D _DEBUG /D _CONSOLE /D _UNICODE /D UNICODE /Gm /EHsc /RTC1 /MDd /GS /fp:precise /Zc:wchar_t /Zc:forScope /Fo"Debug\\" /Fd"Debug\vc100.pdb" /Gd /TC /analyze- /errorReport:prompt bakoitiak_bikoitiak_ehunerarte.c
  bakoitiak_bikoitiak_ehunerarte.c
ManifestResourceCompile:
  Todas las salidas están actualizadas.
Link:
  C:\Program Files\Microsoft Visual Studio 10.0\VC\bin\link.exe /ERRORREPORT:PROMPT /OUT:"E:\MGEP\Programazioaren oinarriak\src\tema1\Debug\bakoitiak_bikoitiak_ehunerarte.exe" /INCREMENTAL /NOLOGO kernel32.lib user32.lib gdi32.lib winspool.lib comdlg32.lib advapi32.lib shell32.lib ole32.lib oleaut32.lib uuid.lib odbc32.lib odbccp32.lib /MANIFEST /ManifestFile:"Debug\bakoitiak_bikoitiak_ehunerarte.exe.intermediate.manifest" /MANIFESTUAC:"level='asInvoker' uiAccess='false'" /DEBUG /PDB:"E:\MGEP\Programazioaren oinarriak\src\tema1\Debug\bakoitiak_bikoitiak_ehunerarte.pdb" /SUBSYSTEM:CONSOLE /TLBID:1 /DYNAMICBASE /NXCOMPAT /IMPLIB:"E:\MGEP\Programazioaren oinarriak\src\tema1\Debug\bakoitiak_bikoitiak_ehunerarte.lib" /MACHINE:X86 Debug\bakoitiak_bikoitiak_ehunerarte.exe.embed.manifest.res
  Debug\bakoitiak_bikoitiak_ehunerarte.obj
Manifest:
  C:\Program Files\Microsoft SDKs\Windows\v7.0A\bin\mt.exe /nologo /verbose /out:"Debug\bakoitiak_bikoitiak_ehunerarte.exe.embed.manifest" /manifest Debug\bakoitiak_bikoitiak_ehunerarte.exe.intermediate.manifest
  Todas las salidas están actualizadas.
LinkEmbedManifest:
  Todas las salidas están actualizadas.
  bakoitiak_bikoitiak_ehunerarte.vcxproj -> E:\MGEP\Programazioaren oinarriak\src\tema1\Debug\bakoitiak_bikoitiak_ehunerarte.exe
FinalizeBuildStatus:
  Se eliminará el archivo "Debug\bakoitiak_bikoitiak_ehunerarte.unsuccessfulbuild".
  Aplicando tarea Touch a "Debug\bakoitiak_bikoitiak_ehunerarte.lastbuildstate".
Compilación del proyecto terminada "E:\MGEP\Programazioaren oinarriak\src\tema1\bakoitiak_bikoitiak_ehunerarte\bakoitiak_bikoitiak_ehunerarte.vcxproj" (build destinos).

Compilación correcta.

Tiempo transcurrido 00:00:24.27
