Compilación iniciada a las 24/01/2014 16:36:28.
     1>Proyecto "C:\Users\Aitor\Documents\MGEP\1. Seihilekoa\Programazioa\C\src\kontrolpuntua\kontrolPuntua4\ariketa1\ariketa1.vcxproj" en el nodo 2 (Build destinos).
     1>ClCompile:
         C:\Program Files (x86)\Microsoft Visual Studio 12.0\VC\bin\CL.exe /c /ZI /nologo /W3 /WX- /Od /Oy- /D WIN32 /D _DEBUG /D _CONSOLE /D _LIB /D _UNICODE /D UNICODE /Gm /EHsc /RTC1 /MDd /GS /fp:precise /Zc:wchar_t /Zc:forScope /Fo"Debug\\" /Fd"Debug\vc120.pdb" /Gd /TC /analyze- /errorReport:prompt ariketa1.c
         ariketa1.c
     1>c:\users\aitor\documents\mgep\1. seihilekoa\programazioa\c\src\kontrolpuntua\kontrolpuntua4\ariketa1\ariketa1.c(51): warning C4996: 'scanf': This function or variable may be unsafe. Consider using scanf_s instead. To disable deprecation, use _CRT_SECURE_NO_WARNINGS. See online help for details.
                 c:\program files (x86)\microsoft visual studio 12.0\vc\include\stdio.h(283) : vea la declaración de 'scanf'
     1>c:\users\aitor\documents\mgep\1. seihilekoa\programazioa\c\src\kontrolpuntua\kontrolpuntua4\ariketa1\ariketa1.c(60): warning C4996: 'scanf': This function or variable may be unsafe. Consider using scanf_s instead. To disable deprecation, use _CRT_SECURE_NO_WARNINGS. See online help for details.
                 c:\program files (x86)\microsoft visual studio 12.0\vc\include\stdio.h(283) : vea la declaración de 'scanf'
     1>c:\users\aitor\documents\mgep\1. seihilekoa\programazioa\c\src\kontrolpuntua\kontrolpuntua4\ariketa1\ariketa1.c(41): warning C4101: 'ordukoak' : variable local sin referencia
     1>c:\users\aitor\documents\mgep\1. seihilekoa\programazioa\c\src\kontrolpuntua\kontrolpuntua4\ariketa1\ariketa1.c(94): warning C4996: 'scanf': This function or variable may be unsafe. Consider using scanf_s instead. To disable deprecation, use _CRT_SECURE_NO_WARNINGS. See online help for details.
                 c:\program files (x86)\microsoft visual studio 12.0\vc\include\stdio.h(283) : vea la declaración de 'scanf'
     1>c:\users\aitor\documents\mgep\1. seihilekoa\programazioa\c\src\kontrolpuntua\kontrolpuntua4\ariketa1\ariketa1.c(98): warning C4996: 'scanf': This function or variable may be unsafe. Consider using scanf_s instead. To disable deprecation, use _CRT_SECURE_NO_WARNINGS. See online help for details.
                 c:\program files (x86)\microsoft visual studio 12.0\vc\include\stdio.h(283) : vea la declaración de 'scanf'
     1>c:\users\aitor\documents\mgep\1. seihilekoa\programazioa\c\src\kontrolpuntua\kontrolpuntua4\ariketa1\ariketa1.c(107): warning C4996: 'scanf': This function or variable may be unsafe. Consider using scanf_s instead. To disable deprecation, use _CRT_SECURE_NO_WARNINGS. See online help for details.
                 c:\program files (x86)\microsoft visual studio 12.0\vc\include\stdio.h(283) : vea la declaración de 'scanf'
     1>c:\users\aitor\documents\mgep\1. seihilekoa\programazioa\c\src\kontrolpuntua\kontrolpuntua4\ariketa1\ariketa1.c(114): warning C4996: 'gets': This function or variable may be unsafe. Consider using gets_s instead. To disable deprecation, use _CRT_SECURE_NO_WARNINGS. See online help for details.
                 c:\program files (x86)\microsoft visual studio 12.0\vc\include\stdio.h(254) : vea la declaración de 'gets'
     1>c:\users\aitor\documents\mgep\1. seihilekoa\programazioa\c\src\kontrolpuntua\kontrolpuntua4\ariketa1\ariketa1.c(117): warning C4996: 'gets': This function or variable may be unsafe. Consider using gets_s instead. To disable deprecation, use _CRT_SECURE_NO_WARNINGS. See online help for details.
                 c:\program files (x86)\microsoft visual studio 12.0\vc\include\stdio.h(254) : vea la declaración de 'gets'
     1>c:\users\aitor\documents\mgep\1. seihilekoa\programazioa\c\src\kontrolpuntua\kontrolpuntua4\ariketa1\ariketa1.c(120): warning C4996: 'gets': This function or variable may be unsafe. Consider using gets_s instead. To disable deprecation, use _CRT_SECURE_NO_WARNINGS. See online help for details.
                 c:\program files (x86)\microsoft visual studio 12.0\vc\include\stdio.h(254) : vea la declaración de 'gets'
     1>c:\users\aitor\documents\mgep\1. seihilekoa\programazioa\c\src\kontrolpuntua\kontrolpuntua4\ariketa1\ariketa1.c(136): warning C4996: 'scanf': This function or variable may be unsafe. Consider using scanf_s instead. To disable deprecation, use _CRT_SECURE_NO_WARNINGS. See online help for details.
                 c:\program files (x86)\microsoft visual studio 12.0\vc\include\stdio.h(283) : vea la declaración de 'scanf'
     1>c:\users\aitor\documents\mgep\1. seihilekoa\programazioa\c\src\kontrolpuntua\kontrolpuntua4\ariketa1\ariketa1.c(140): warning C4996: 'scanf': This function or variable may be unsafe. Consider using scanf_s instead. To disable deprecation, use _CRT_SECURE_NO_WARNINGS. See online help for details.
                 c:\program files (x86)\microsoft visual studio 12.0\vc\include\stdio.h(283) : vea la declaración de 'scanf'
     1>c:\users\aitor\documents\mgep\1. seihilekoa\programazioa\c\src\kontrolpuntua\kontrolpuntua4\ariketa1\ariketa1.c(160): warning C4996: 'scanf': This function or variable may be unsafe. Consider using scanf_s instead. To disable deprecation, use _CRT_SECURE_NO_WARNINGS. See online help for details.
                 c:\program files (x86)\microsoft visual studio 12.0\vc\include\stdio.h(283) : vea la declaración de 'scanf'
     1>c:\users\aitor\documents\mgep\1. seihilekoa\programazioa\c\src\kontrolpuntua\kontrolpuntua4\ariketa1\ariketa1.c(182): warning C4996: 'scanf': This function or variable may be unsafe. Consider using scanf_s instead. To disable deprecation, use _CRT_SECURE_NO_WARNINGS. See online help for details.
                 c:\program files (x86)\microsoft visual studio 12.0\vc\include\stdio.h(283) : vea la declaración de 'scanf'
     1>c:\users\aitor\documents\mgep\1. seihilekoa\programazioa\c\src\kontrolpuntua\kontrolpuntua4\ariketa1\ariketa1.c(186): warning C4996: 'scanf': This function or variable may be unsafe. Consider using scanf_s instead. To disable deprecation, use _CRT_SECURE_NO_WARNINGS. See online help for details.
                 c:\program files (x86)\microsoft visual studio 12.0\vc\include\stdio.h(283) : vea la declaración de 'scanf'
     1>c:\users\aitor\documents\mgep\1. seihilekoa\programazioa\c\src\kontrolpuntua\kontrolpuntua4\ariketa1\ariketa1.c(188): warning C4996: 'scanf': This function or variable may be unsafe. Consider using scanf_s instead. To disable deprecation, use _CRT_SECURE_NO_WARNINGS. See online help for details.
                 c:\program files (x86)\microsoft visual studio 12.0\vc\include\stdio.h(283) : vea la declaración de 'scanf'
     1>c:\users\aitor\documents\mgep\1. seihilekoa\programazioa\c\src\kontrolpuntua\kontrolpuntua4\ariketa1\ariketa1.c(194): warning C4996: 'gets': This function or variable may be unsafe. Consider using gets_s instead. To disable deprecation, use _CRT_SECURE_NO_WARNINGS. See online help for details.
                 c:\program files (x86)\microsoft visual studio 12.0\vc\include\stdio.h(254) : vea la declaración de 'gets'
     1>c:\users\aitor\documents\mgep\1. seihilekoa\programazioa\c\src\kontrolpuntua\kontrolpuntua4\ariketa1\ariketa1.c(197): warning C4996: 'gets': This function or variable may be unsafe. Consider using gets_s instead. To disable deprecation, use _CRT_SECURE_NO_WARNINGS. See online help for details.
                 c:\program files (x86)\microsoft visual studio 12.0\vc\include\stdio.h(254) : vea la declaración de 'gets'
     1>c:\users\aitor\documents\mgep\1. seihilekoa\programazioa\c\src\kontrolpuntua\kontrolpuntua4\ariketa1\ariketa1.c(200): warning C4996: 'gets': This function or variable may be unsafe. Consider using gets_s instead. To disable deprecation, use _CRT_SECURE_NO_WARNINGS. See online help for details.
                 c:\program files (x86)\microsoft visual studio 12.0\vc\include\stdio.h(254) : vea la declaración de 'gets'
       Link:
         C:\Program Files (x86)\Microsoft Visual Studio 12.0\VC\bin\link.exe /ERRORREPORT:PROMPT /OUT:"C:\Users\Aitor\Documents\MGEP\1. Seihilekoa\Programazioa\C\src\kontrolpuntua\kontrolPuntua4\Debug\ariketa1.exe" /INCREMENTAL /NOLOGO kernel32.lib user32.lib gdi32.lib winspool.lib comdlg32.lib advapi32.lib shell32.lib ole32.lib oleaut32.lib uuid.lib odbc32.lib odbccp32.lib /MANIFEST /MANIFESTUAC:"level='asInvoker' uiAccess='false'" /manifest:embed /DEBUG /PDB:"C:\Users\Aitor\Documents\MGEP\1. Seihilekoa\Programazioa\C\src\kontrolpuntua\kontrolPuntua4\Debug\ariketa1.pdb" /SUBSYSTEM:CONSOLE /TLBID:1 /DYNAMICBASE /NXCOMPAT /IMPLIB:"C:\Users\Aitor\Documents\MGEP\1. Seihilekoa\Programazioa\C\src\kontrolpuntua\kontrolPuntua4\Debug\ariketa1.lib" /MACHINE:X86 Debug\ariketa1.obj
         ariketa1.vcxproj -> C:\Users\Aitor\Documents\MGEP\1. Seihilekoa\Programazioa\C\src\kontrolpuntua\kontrolPuntua4\Debug\ariketa1.exe
     1>Compilación del proyecto terminada "C:\Users\Aitor\Documents\MGEP\1. Seihilekoa\Programazioa\C\src\kontrolpuntua\kontrolPuntua4\ariketa1\ariketa1.vcxproj" (Build destinos).

Compilación correcta.

Tiempo transcurrido 00:00:01.76
