Compilación iniciada a las 12/12/2013 16:25:06.
     1>Proyecto "C:\Users\Aitor\Documents\MGEP\1. Seihilekoa\Programazioa\C\src\tema4\ca_triatloi_lasterketa\ca_triatloi_lasterketa.vcxproj" en el nodo 2 (Build destinos).
     1>ClCompile:
         C:\Program Files (x86)\Microsoft Visual Studio 12.0\VC\bin\CL.exe /c /ZI /nologo /W3 /WX- /Od /Oy- /D WIN32 /D _DEBUG /D _CONSOLE /D _LIB /D _UNICODE /D UNICODE /Gm /EHsc /RTC1 /MDd /GS /fp:precise /Zc:wchar_t /Zc:forScope /Fo"Debug\\" /Fd"Debug\vc120.pdb" /Gd /TC /analyze- /errorReport:prompt ca_triatloi_lasterketa.c
         ca_triatloi_lasterketa.c
     1>c:\users\aitor\documents\mgep\1. seihilekoa\programazioa\c\src\tema4\ca_triatloi_lasterketa\ca_triatloi_lasterketa.c(43): warning C4996: 'scanf': This function or variable may be unsafe. Consider using scanf_s instead. To disable deprecation, use _CRT_SECURE_NO_WARNINGS. See online help for details.
                 c:\program files (x86)\microsoft visual studio 12.0\vc\include\stdio.h(283) : vea la declaración de 'scanf'
     1>c:\users\aitor\documents\mgep\1. seihilekoa\programazioa\c\src\tema4\ca_triatloi_lasterketa\ca_triatloi_lasterketa.c(47): warning C4996: 'scanf': This function or variable may be unsafe. Consider using scanf_s instead. To disable deprecation, use _CRT_SECURE_NO_WARNINGS. See online help for details.
                 c:\program files (x86)\microsoft visual studio 12.0\vc\include\stdio.h(283) : vea la declaración de 'scanf'
     1>c:\users\aitor\documents\mgep\1. seihilekoa\programazioa\c\src\tema4\ca_triatloi_lasterketa\ca_triatloi_lasterketa.c(52): warning C4996: 'scanf': This function or variable may be unsafe. Consider using scanf_s instead. To disable deprecation, use _CRT_SECURE_NO_WARNINGS. See online help for details.
                 c:\program files (x86)\microsoft visual studio 12.0\vc\include\stdio.h(283) : vea la declaración de 'scanf'
     1>c:\users\aitor\documents\mgep\1. seihilekoa\programazioa\c\src\tema4\ca_triatloi_lasterketa\ca_triatloi_lasterketa.c(56): warning C4996: 'scanf': This function or variable may be unsafe. Consider using scanf_s instead. To disable deprecation, use _CRT_SECURE_NO_WARNINGS. See online help for details.
                 c:\program files (x86)\microsoft visual studio 12.0\vc\include\stdio.h(283) : vea la declaración de 'scanf'
     1>c:\users\aitor\documents\mgep\1. seihilekoa\programazioa\c\src\tema4\ca_triatloi_lasterketa\ca_triatloi_lasterketa.c(106): warning C4996: 'scanf': This function or variable may be unsafe. Consider using scanf_s instead. To disable deprecation, use _CRT_SECURE_NO_WARNINGS. See online help for details.
                 c:\program files (x86)\microsoft visual studio 12.0\vc\include\stdio.h(283) : vea la declaración de 'scanf'
     1>c:\users\aitor\documents\mgep\1. seihilekoa\programazioa\c\src\tema4\ca_triatloi_lasterketa\ca_triatloi_lasterketa.c(109): warning C4996: 'gets': This function or variable may be unsafe. Consider using gets_s instead. To disable deprecation, use _CRT_SECURE_NO_WARNINGS. See online help for details.
                 c:\program files (x86)\microsoft visual studio 12.0\vc\include\stdio.h(254) : vea la declaración de 'gets'
     1>c:\users\aitor\documents\mgep\1. seihilekoa\programazioa\c\src\tema4\ca_triatloi_lasterketa\ca_triatloi_lasterketa.c(112): warning C4996: 'gets': This function or variable may be unsafe. Consider using gets_s instead. To disable deprecation, use _CRT_SECURE_NO_WARNINGS. See online help for details.
                 c:\program files (x86)\microsoft visual studio 12.0\vc\include\stdio.h(254) : vea la declaración de 'gets'
     1>c:\users\aitor\documents\mgep\1. seihilekoa\programazioa\c\src\tema4\ca_triatloi_lasterketa\ca_triatloi_lasterketa.c(114): warning C4996: 'scanf': This function or variable may be unsafe. Consider using scanf_s instead. To disable deprecation, use _CRT_SECURE_NO_WARNINGS. See online help for details.
                 c:\program files (x86)\microsoft visual studio 12.0\vc\include\stdio.h(283) : vea la declaración de 'scanf'
     1>c:\users\aitor\documents\mgep\1. seihilekoa\programazioa\c\src\tema4\ca_triatloi_lasterketa\ca_triatloi_lasterketa.c(116): warning C4996: 'scanf': This function or variable may be unsafe. Consider using scanf_s instead. To disable deprecation, use _CRT_SECURE_NO_WARNINGS. See online help for details.
                 c:\program files (x86)\microsoft visual studio 12.0\vc\include\stdio.h(283) : vea la declaración de 'scanf'
     1>c:\users\aitor\documents\mgep\1. seihilekoa\programazioa\c\src\tema4\ca_triatloi_lasterketa\ca_triatloi_lasterketa.c(118): warning C4996: 'scanf': This function or variable may be unsafe. Consider using scanf_s instead. To disable deprecation, use _CRT_SECURE_NO_WARNINGS. See online help for details.
                 c:\program files (x86)\microsoft visual studio 12.0\vc\include\stdio.h(283) : vea la declaración de 'scanf'
     1>c:\users\aitor\documents\mgep\1. seihilekoa\programazioa\c\src\tema4\ca_triatloi_lasterketa\ca_triatloi_lasterketa.c(147): warning C4716: 'totala' : debe devolver un valor
       Link:
         C:\Program Files (x86)\Microsoft Visual Studio 12.0\VC\bin\link.exe /ERRORREPORT:PROMPT /OUT:"C:\Users\Aitor\Documents\MGEP\1. Seihilekoa\Programazioa\C\src\tema4\Debug\ca_triatloi_lasterketa.exe" /INCREMENTAL /NOLOGO kernel32.lib user32.lib gdi32.lib winspool.lib comdlg32.lib advapi32.lib shell32.lib ole32.lib oleaut32.lib uuid.lib odbc32.lib odbccp32.lib /MANIFEST /MANIFESTUAC:"level='asInvoker' uiAccess='false'" /manifest:embed /DEBUG /PDB:"C:\Users\Aitor\Documents\MGEP\1. Seihilekoa\Programazioa\C\src\tema4\Debug\ca_triatloi_lasterketa.pdb" /SUBSYSTEM:CONSOLE /TLBID:1 /DYNAMICBASE /NXCOMPAT /IMPLIB:"C:\Users\Aitor\Documents\MGEP\1. Seihilekoa\Programazioa\C\src\tema4\Debug\ca_triatloi_lasterketa.lib" /MACHINE:X86 Debug\ca_triatloi_lasterketa.obj
         ca_triatloi_lasterketa.vcxproj -> C:\Users\Aitor\Documents\MGEP\1. Seihilekoa\Programazioa\C\src\tema4\Debug\ca_triatloi_lasterketa.exe
     1>Compilación del proyecto terminada "C:\Users\Aitor\Documents\MGEP\1. Seihilekoa\Programazioa\C\src\tema4\ca_triatloi_lasterketa\ca_triatloi_lasterketa.vcxproj" (Build destinos).

Compilación correcta.

Tiempo transcurrido 00:00:00.89
