Compilación iniciada a las 11/10/2013 20:18:28.
Proyecto "C:\Users\Administrador\Desktop\programazioa\src\tema1\azalera\azalera.vcxproj" en el nodo 2 (build destinos).
InitializeBuildStatus:
  Se creará "Debug\azalera.unsuccessfulbuild" porque se especificó "AlwaysCreate".
ClCompile:
  Todas las salidas están actualizadas.
ManifestResourceCompile:
  C:\Program Files\Microsoft SDKs\Windows\v7.0A\bin\rc.exe /nologo /fo"Debug\azalera.exe.embed.manifest.res" Debug\azalera_manifest.rc 
Link:
  C:\Program Files\Microsoft Visual Studio 10.0\VC\bin\link.exe /ERRORREPORT:PROMPT /OUT:"C:\Users\Administrador\Desktop\programazioa\src\tema1\Debug\azalera.exe" /INCREMENTAL /NOLOGO kernel32.lib user32.lib gdi32.lib winspool.lib comdlg32.lib advapi32.lib shell32.lib ole32.lib oleaut32.lib uuid.lib odbc32.lib odbccp32.lib /MANIFEST /ManifestFile:"Debug\azalera.exe.intermediate.manifest" /MANIFESTUAC:"level='asInvoker' uiAccess='false'" /DEBUG /PDB:"C:\Users\Administrador\Desktop\programazioa\src\tema1\Debug\azalera.pdb" /SUBSYSTEM:CONSOLE /TLBID:1 /DYNAMICBASE /NXCOMPAT /IMPLIB:"C:\Users\Administrador\Desktop\programazioa\src\tema1\Debug\azalera.lib" /MACHINE:X86 Debug\azalera.exe.embed.manifest.res
  Debug\azalera.obj
Manifest:
  C:\Program Files\Microsoft SDKs\Windows\v7.0A\bin\mt.exe /nologo /verbose /out:"Debug\azalera.exe.embed.manifest" /manifest Debug\azalera.exe.intermediate.manifest
  C:\Program Files\Microsoft SDKs\Windows\v7.0A\bin\rc.exe /nologo /fo"Debug\azalera.exe.embed.manifest.res" Debug\azalera_manifest.rc 
LinkEmbedManifest:
  C:\Program Files\Microsoft Visual Studio 10.0\VC\bin\link.exe /ERRORREPORT:PROMPT /OUT:"C:\Users\Administrador\Desktop\programazioa\src\tema1\Debug\azalera.exe" /INCREMENTAL /NOLOGO kernel32.lib user32.lib gdi32.lib winspool.lib comdlg32.lib advapi32.lib shell32.lib ole32.lib oleaut32.lib uuid.lib odbc32.lib odbccp32.lib /MANIFEST /ManifestFile:"Debug\azalera.exe.intermediate.manifest" /MANIFESTUAC:"level='asInvoker' uiAccess='false'" /DEBUG /PDB:"C:\Users\Administrador\Desktop\programazioa\src\tema1\Debug\azalera.pdb" /SUBSYSTEM:CONSOLE /TLBID:1 /DYNAMICBASE /NXCOMPAT /IMPLIB:"C:\Users\Administrador\Desktop\programazioa\src\tema1\Debug\azalera.lib" /MACHINE:X86 Debug\azalera.exe.embed.manifest.res
  Debug\azalera.obj
  azalera.vcxproj -> C:\Users\Administrador\Desktop\programazioa\src\tema1\Debug\azalera.exe
FinalizeBuildStatus:
  Se eliminará el archivo "Debug\azalera.unsuccessfulbuild".
  Aplicando tarea Touch a "Debug\azalera.lastbuildstate".
Compilación del proyecto terminada "C:\Users\Administrador\Desktop\programazioa\src\tema1\azalera\azalera.vcxproj" (build destinos).

Compilación correcta.

Tiempo transcurrido 00:00:07.00
