Compilación iniciada a las 23/11/2013 11:20:32.
     1>Proyecto "C:\Users\Aitor\Documents\MGEP\1. Seihilekoa\Programazioa\C\src\tema3\gb_matrize_biderketa\gb_matrize_biderketa.vcxproj" en el nodo 2 (Build destinos).
     1>ClCompile:
         C:\Program Files (x86)\Microsoft Visual Studio 12.0\VC\bin\CL.exe /c /ZI /nologo /W3 /WX- /Od /Oy- /D WIN32 /D _DEBUG /D _CONSOLE /D _LIB /D _UNICODE /D UNICODE /Gm /EHsc /RTC1 /MDd /GS /fp:precise /Zc:wchar_t /Zc:forScope /Fo"Debug\\" /Fd"Debug\vc120.pdb" /Gd /TC /analyze- /errorReport:prompt gb_matrize_biderketa.c
         gb_matrize_biderketa.c
     1>c:\users\aitor\documents\mgep\1. seihilekoa\programazioa\c\src\tema3\gb_matrize_biderketa\gb_matrize_biderketa.c(12): warning C4020: 'matrizeasortu' : hay demasiados parámetros reales
     1>c:\users\aitor\documents\mgep\1. seihilekoa\programazioa\c\src\tema3\gb_matrize_biderketa\gb_matrize_biderketa.c(58): warning C4029: la lista de parámetros formales declarada es distinta de la definición
     1>c:\users\aitor\documents\mgep\1. seihilekoa\programazioa\c\src\tema3\gb_matrize_biderketa\gb_matrize_biderketa.c(67): warning C4996: 'scanf': This function or variable may be unsafe. Consider using scanf_s instead. To disable deprecation, use _CRT_SECURE_NO_WARNINGS. See online help for details.
                 c:\program files (x86)\microsoft visual studio 12.0\vc\include\stdio.h(283) : vea la declaración de 'scanf'
     1>c:\users\aitor\documents\mgep\1. seihilekoa\programazioa\c\src\tema3\gb_matrize_biderketa\gb_matrize_biderketa.c(69): warning C4996: 'scanf': This function or variable may be unsafe. Consider using scanf_s instead. To disable deprecation, use _CRT_SECURE_NO_WARNINGS. See online help for details.
                 c:\program files (x86)\microsoft visual studio 12.0\vc\include\stdio.h(283) : vea la declaración de 'scanf'
     1>c:\users\aitor\documents\mgep\1. seihilekoa\programazioa\c\src\tema3\gb_matrize_biderketa\gb_matrize_biderketa.c(79): warning C4996: 'scanf': This function or variable may be unsafe. Consider using scanf_s instead. To disable deprecation, use _CRT_SECURE_NO_WARNINGS. See online help for details.
                 c:\program files (x86)\microsoft visual studio 12.0\vc\include\stdio.h(283) : vea la declaración de 'scanf'
     1>c:\users\aitor\documents\mgep\1. seihilekoa\programazioa\c\src\tema3\gb_matrize_biderketa\gb_matrize_biderketa.c(86): warning C4996: 'scanf': This function or variable may be unsafe. Consider using scanf_s instead. To disable deprecation, use _CRT_SECURE_NO_WARNINGS. See online help for details.
                 c:\program files (x86)\microsoft visual studio 12.0\vc\include\stdio.h(283) : vea la declaración de 'scanf'
       Link:
         C:\Program Files (x86)\Microsoft Visual Studio 12.0\VC\bin\link.exe /ERRORREPORT:PROMPT /OUT:"C:\Users\Aitor\Documents\MGEP\1. Seihilekoa\Programazioa\C\src\tema3\Debug\gb_matrize_biderketa.exe" /INCREMENTAL /NOLOGO kernel32.lib user32.lib gdi32.lib winspool.lib comdlg32.lib advapi32.lib shell32.lib ole32.lib oleaut32.lib uuid.lib odbc32.lib odbccp32.lib /MANIFEST /MANIFESTUAC:"level='asInvoker' uiAccess='false'" /manifest:embed /DEBUG /PDB:"C:\Users\Aitor\Documents\MGEP\1. Seihilekoa\Programazioa\C\src\tema3\Debug\gb_matrize_biderketa.pdb" /SUBSYSTEM:CONSOLE /TLBID:1 /DYNAMICBASE /NXCOMPAT /IMPLIB:"C:\Users\Aitor\Documents\MGEP\1. Seihilekoa\Programazioa\C\src\tema3\Debug\gb_matrize_biderketa.lib" /MACHINE:X86 Debug\gb_matrize_biderketa.obj
         gb_matrize_biderketa.vcxproj -> C:\Users\Aitor\Documents\MGEP\1. Seihilekoa\Programazioa\C\src\tema3\Debug\gb_matrize_biderketa.exe
     1>Compilación del proyecto terminada "C:\Users\Aitor\Documents\MGEP\1. Seihilekoa\Programazioa\C\src\tema3\gb_matrize_biderketa\gb_matrize_biderketa.vcxproj" (Build destinos).

Compilación correcta.

Tiempo transcurrido 00:00:01.08
